<?xml version='1.0' encoding='UTF-8'?>
<hotspot_log version='160 1' process='1' time_ms='1544690537204'>
<vm_version>
<name>
Java HotSpot(TM) 64-Bit Server VM
</name>
<release>
25.181-b13
</release>
<info>
Java HotSpot(TM) 64-Bit Server VM (25.181-b13) for linux-amd64 JRE (1.8.0_181-b13), built on Jul  7 2018 00:56:38 by &quot;java_re&quot; with gcc 4.3.0 20080428 (Red Hat 4.3.0-8)
</info>
</vm_version>
<vm_arguments>
<args>
-Dinstall4j.jvmDir=/opt/java -Dexe4j.moduleName=/opt/sonatype/nexus/bin/nexus -XX:+UnlockDiagnosticVMOptions -Dinstall4j.launcherId=245 -Dinstall4j.swt=false -Di4jv=0 -Di4jv=0 -Di4jv=0 -Di4jv=0 -Di4jv=0 -Xms1200m -Xmx1200m -XX:MaxDirectMemorySize=2g -Djava.util.prefs.userRoot=/nexus-data/javaprefs -XX:+UnlockDiagnosticVMOptions -XX:+UnsyncloadClass -XX:+LogVMOutput -XX:LogFile=../sonatype-work/nexus3/log/jvm.log -XX:-OmitStackTraceInFastThrow -Djava.net.preferIPv4Stack=true -Dkaraf.home=. -Dkaraf.base=. -Dkaraf.etc=etc/karaf -Djava.util.logging.config.file=etc/karaf/java.util.logging.properties -Dkaraf.data=../sonatype-work/nexus3 -Djava.io.tmpdir=../sonatype-work/nexus3/tmp -Dkaraf.startLocalConsole=false -Di4j.vpt=true 
</args>
<command>
com.install4j.runtime.launcher.UnixLauncher run 9d17dc87   org.sonatype.nexus.karaf.NexusMain
</command>
<launcher>
SUN_STANDARD
</launcher>
<properties>
java.vm.specification.name=Java Virtual Machine Specification
java.vm.version=25.181-b13
java.vm.name=Java HotSpot(TM) 64-Bit Server VM
java.vm.info=mixed mode, sharing
java.ext.dirs=/opt/jdk1.8.0_181/jre/lib/ext:/usr/java/packages/lib/ext
java.endorsed.dirs=/opt/jdk1.8.0_181/jre/lib/endorsed
sun.boot.library.path=/opt/jdk1.8.0_181/jre/lib/amd64
java.library.path=/opt/sonatype/nexus/lib::/usr/java/packages/lib/amd64:/usr/lib64:/lib64:/lib:/usr/lib
java.home=/opt/jdk1.8.0_181/jre
java.class.path=/opt/sonatype/nexus/.install4j/i4jruntime.jar:/opt/sonatype/nexus/lib/boot/nexus-main.jar:/opt/sonatype/nexus/lib/boot/org.apache.karaf.main-4.0.9.jar:/opt/sonatype/nexus/lib/boot/org.osgi.core-6.0.0.jar:/opt/sonatype/nexus/lib/boot/org.apache.karaf.diagnostic.boot-4.0.9.jar:/opt/sonatype/nexus/lib/boot/org.apache.karaf.jaas.boot-4.0.9.jar
sun.boot.class.path=/opt/jdk1.8.0_181/jre/lib/resources.jar:/opt/jdk1.8.0_181/jre/lib/rt.jar:/opt/jdk1.8.0_181/jre/lib/sunrsasign.jar:/opt/jdk1.8.0_181/jre/lib/jsse.jar:/opt/jdk1.8.0_181/jre/lib/jce.jar:/opt/jdk1.8.0_181/jre/lib/charsets.jar:/opt/jdk1.8.0_181/jre/lib/jfr.jar:/opt/jdk1.8.0_181/jre/classes
java.vm.specification.vendor=Oracle Corporation
java.vm.specification.version=1.8
java.vm.vendor=Oracle Corporation
install4j.jvmDir=/opt/java
exe4j.moduleName=/opt/sonatype/nexus/bin/nexus
install4j.launcherId=245
install4j.swt=false
i4jv=0
java.util.prefs.userRoot=/nexus-data/javaprefs
java.net.preferIPv4Stack=true
karaf.home=.
karaf.base=.
karaf.etc=etc/karaf
java.util.logging.config.file=etc/karaf/java.util.logging.properties
karaf.data=../sonatype-work/nexus3
java.io.tmpdir=../sonatype-work/nexus3/tmp
karaf.startLocalConsole=false
i4j.vpt=true
sun.java.command=com.install4j.runtime.launcher.UnixLauncher run 9d17dc87   org.sonatype.nexus.karaf.NexusMain
sun.java.launcher=SUN_STANDARD
</properties>
</vm_arguments>
<tty>
<blob name='MethodHandlesAdapterBlob' size='32000'>
<sect index='1' size='32000' free='31632'/>
</blob>
<writer thread='139994575963904'/>
<dependency_failed type='leaf_type' ctxk='java/util/jar/JarFile' witness='sun/net/www/protocol/jar/URLJarFile' stamp='0.229'/>
<dependency_failed type='leaf_type' ctxk='org/apache/felix/framework/wiring/BundleCapabilityImpl' witness='org/apache/felix/framework/ServiceRegistrationImpl$ServiceReferenceImpl' stamp='0.508'/>
<dependency_failed type='leaf_type' ctxk='org/apache/felix/framework/wiring/BundleCapabilityImpl' witness='org/apache/felix/framework/ServiceRegistrationImpl$ServiceReferenceImpl' stamp='0.508'/>
<dependency_failed type='unique_concrete_method' ctxk='java/net/URLStreamHandler' x='java/net/URLStreamHandler equals (Ljava/net/URL;Ljava/net/URL;)Z' witness='org/apache/felix/framework/URLHandlersStreamHandlerProxy' stamp='0.517'/>
<writer thread='139993331382016'/>
<dependency_failed type='unique_concrete_method' ctxk='java/lang/Throwable' x='java/lang/Throwable fillInStackTrace ()Ljava/lang/Throwable;' witness='com/sun/org/apache/xerces/internal/impl/XMLEntityScanner$1' stamp='2.161'/>
<dependency_failed type='leaf_type' ctxk='java/util/ArrayList' witness='com/sun/istack/internal/FinalArrayList' stamp='2.782'/>
<dependency_failed type='leaf_type' ctxk='java/util/ArrayList' witness='com/sun/istack/internal/FinalArrayList' stamp='2.782'/>
<dependency_failed type='leaf_type' ctxk='java/util/ArrayList' witness='com/sun/istack/internal/FinalArrayList' stamp='2.782'/>
<dependency_failed type='leaf_type' ctxk='java/util/ArrayList' witness='com/sun/istack/internal/FinalArrayList' stamp='2.782'/>
<dependency_failed type='leaf_type' ctxk='java/util/ArrayList' witness='com/sun/istack/internal/FinalArrayList' stamp='2.782'/>
<dependency_failed type='leaf_type' ctxk='java/util/ArrayList' witness='com/sun/istack/internal/FinalArrayList' stamp='2.782'/>
<dependency_failed type='leaf_type' ctxk='java/util/ArrayList' witness='com/sun/istack/internal/FinalArrayList' stamp='2.782'/>
<dependency_failed type='leaf_type' ctxk='java/util/ArrayList' witness='com/sun/istack/internal/FinalArrayList' stamp='2.782'/>
<dependency_failed type='leaf_type' ctxk='java/util/ArrayList' witness='com/sun/istack/internal/FinalArrayList' stamp='2.782'/>
<dependency_failed type='leaf_type' ctxk='java/util/ArrayList' witness='com/sun/istack/internal/FinalArrayList' stamp='2.782'/>
<dependency_failed type='leaf_type' ctxk='java/util/ArrayList' witness='com/sun/istack/internal/FinalArrayList' stamp='2.782'/>
<dependency_failed type='leaf_type' ctxk='java/util/ArrayList' witness='com/sun/istack/internal/FinalArrayList' stamp='2.782'/>
<dependency_failed type='leaf_type' ctxk='java/util/ArrayList' witness='com/sun/istack/internal/FinalArrayList' stamp='2.782'/>
<dependency_failed type='leaf_type' ctxk='java/util/ArrayList' witness='com/sun/istack/internal/FinalArrayList' stamp='2.782'/>
<dependency_failed type='leaf_type' ctxk='java/util/ArrayList' witness='com/sun/istack/internal/FinalArrayList' stamp='2.782'/>
<dependency_failed type='leaf_type' ctxk='java/util/ArrayList' witness='com/sun/istack/internal/FinalArrayList' stamp='2.782'/>
<dependency_failed type='leaf_type' ctxk='java/util/ArrayList' witness='com/sun/istack/internal/FinalArrayList' stamp='2.782'/>
<dependency_failed type='leaf_type' ctxk='java/util/ArrayList' witness='com/sun/istack/internal/FinalArrayList' stamp='2.782'/>
<dependency_failed type='leaf_type' ctxk='java/util/ArrayList' witness='com/sun/istack/internal/FinalArrayList' stamp='2.782'/>
<dependency_failed type='leaf_type' ctxk='java/util/ArrayList' witness='com/sun/istack/internal/FinalArrayList' stamp='2.782'/>
<dependency_failed type='leaf_type' ctxk='java/util/ArrayList' witness='com/sun/istack/internal/FinalArrayList' stamp='2.782'/>
<dependency_failed type='leaf_type' ctxk='java/util/ArrayList' witness='com/sun/istack/internal/FinalArrayList' stamp='2.782'/>
<dependency_failed type='leaf_type' ctxk='java/util/ArrayList' witness='com/sun/istack/internal/FinalArrayList' stamp='2.782'/>
<dependency_failed type='leaf_type' ctxk='java/util/ArrayList' witness='com/sun/istack/internal/FinalArrayList' stamp='2.782'/>
<dependency_failed type='leaf_type' ctxk='java/util/ArrayList' witness='com/sun/istack/internal/FinalArrayList' stamp='2.782'/>
<dependency_failed type='leaf_type' ctxk='java/util/ArrayList' witness='com/sun/istack/internal/FinalArrayList' stamp='2.782'/>
<dependency_failed type='leaf_type' ctxk='java/util/ArrayList' witness='com/sun/istack/internal/FinalArrayList' stamp='2.782'/>
<dependency_failed type='leaf_type' ctxk='java/util/ArrayList' witness='com/sun/istack/internal/FinalArrayList' stamp='2.782'/>
<dependency_failed type='leaf_type' ctxk='java/util/ArrayList' witness='com/sun/istack/internal/FinalArrayList' stamp='2.782'/>
<dependency_failed type='leaf_type' ctxk='java/util/ArrayList' witness='com/sun/istack/internal/FinalArrayList' stamp='2.783'/>
<dependency_failed type='leaf_type' ctxk='java/util/ArrayList' witness='com/sun/istack/internal/FinalArrayList' stamp='2.783'/>
<dependency_failed type='leaf_type' ctxk='java/util/ArrayList' witness='com/sun/istack/internal/FinalArrayList' stamp='2.783'/>
<dependency_failed type='leaf_type' ctxk='java/util/ArrayList' witness='com/sun/istack/internal/FinalArrayList' stamp='2.783'/>
<dependency_failed type='leaf_type' ctxk='java/util/ArrayList' witness='com/sun/istack/internal/FinalArrayList' stamp='2.783'/>
<dependency_failed type='leaf_type' ctxk='java/util/ArrayList' witness='com/sun/istack/internal/FinalArrayList' stamp='2.783'/>
<dependency_failed type='leaf_type' ctxk='com/sun/org/apache/xerces/internal/util/NamespaceSupport' witness='com/sun/org/apache/xerces/internal/impl/xs/SchemaNamespaceSupport' stamp='3.107'/>
<dependency_failed type='leaf_type' ctxk='com/sun/org/apache/xerces/internal/xni/QName' witness='com/sun/org/apache/xerces/internal/impl/dv/xs/QNameDV$XQName' stamp='3.110'/>
<dependency_failed type='leaf_type' ctxk='java/util/ArrayList$Itr' witness='java/util/ArrayList$ListItr' stamp='3.143'/>
<dependency_failed type='leaf_type' ctxk='java/util/ArrayList$Itr' witness='java/util/ArrayList$ListItr' stamp='3.144'/>
<writer thread='139993098987264'/>
<dependency_failed type='leaf_type' ctxk='java/util/concurrent/ThreadPoolExecutor' witness='java/util/concurrent/ScheduledThreadPoolExecutor' stamp='3.439'/>
<dependency_failed type='unique_concrete_method' ctxk='org/osgi/resource/Capability' x='org/apache/felix/framework/wiring/BundleCapabilityImpl getResource ()Lorg/osgi/resource/Resource;' witness='org/osgi/resource/Capability' stamp='3.455'/>
<dependency_failed type='unique_concrete_method' ctxk='org/osgi/resource/Capability' x='org/apache/felix/framework/wiring/BundleCapabilityImpl getResource ()Lorg/osgi/resource/Resource;' witness='org/osgi/resource/Capability' stamp='3.455'/>
<dependency_failed type='unique_concrete_method' ctxk='org/osgi/resource/Capability' x='java/lang/Object equals (Ljava/lang/Object;)Z' witness='org/osgi/resource/Capability' stamp='3.455'/>
<writer thread='139993331382016'/>
<dependency_failed type='unique_concrete_method' ctxk='java/util/HashMap' x='java/util/HashMap put (Ljava/lang/Object;Ljava/lang/Object;)Ljava/lang/Object;' witness='org/eclipse/jetty/http/PathMap' stamp='4.714'/>
<dependency_failed type='unique_concrete_method' ctxk='java/util/HashMap' x='java/util/HashMap put (Ljava/lang/Object;Ljava/lang/Object;)Ljava/lang/Object;' witness='org/eclipse/jetty/http/PathMap' stamp='4.714'/>
<dependency_failed type='unique_concrete_method' ctxk='java/util/HashMap' x='java/util/HashMap put (Ljava/lang/Object;Ljava/lang/Object;)Ljava/lang/Object;' witness='org/eclipse/jetty/http/PathMap' stamp='4.714'/>
<dependency_failed type='unique_concrete_method' ctxk='java/util/HashMap' x='java/util/HashMap put (Ljava/lang/Object;Ljava/lang/Object;)Ljava/lang/Object;' witness='org/eclipse/jetty/http/PathMap' stamp='4.714'/>
<dependency_failed type='unique_concrete_method' ctxk='java/util/HashMap' x='java/util/HashMap put (Ljava/lang/Object;Ljava/lang/Object;)Ljava/lang/Object;' witness='org/eclipse/jetty/http/PathMap' stamp='4.714'/>
<dependency_failed type='unique_concrete_method' ctxk='java/util/HashMap' x='java/util/HashMap put (Ljava/lang/Object;Ljava/lang/Object;)Ljava/lang/Object;' witness='org/eclipse/jetty/http/PathMap' stamp='4.714'/>
<dependency_failed type='unique_concrete_method' ctxk='java/util/HashMap' x='java/util/HashMap put (Ljava/lang/Object;Ljava/lang/Object;)Ljava/lang/Object;' witness='org/eclipse/jetty/http/PathMap' stamp='4.714'/>
<dependency_failed type='unique_concrete_method' ctxk='java/util/HashMap' x='java/util/HashMap put (Ljava/lang/Object;Ljava/lang/Object;)Ljava/lang/Object;' witness='org/eclipse/jetty/http/PathMap' stamp='4.714'/>
<dependency_failed type='unique_concrete_method' ctxk='java/util/HashMap' x='java/util/HashMap put (Ljava/lang/Object;Ljava/lang/Object;)Ljava/lang/Object;' witness='org/eclipse/jetty/http/PathMap' stamp='4.714'/>
<dependency_failed type='unique_concrete_method' ctxk='java/util/HashMap' x='java/util/HashMap remove (Ljava/lang/Object;)Ljava/lang/Object;' witness='org/eclipse/jetty/http/PathMap' stamp='4.716'/>
<dependency_failed type='unique_concrete_method' ctxk='java/util/HashMap' x='java/util/HashMap put (Ljava/lang/Object;Ljava/lang/Object;)Ljava/lang/Object;' witness='org/eclipse/jetty/http/PathMap' stamp='4.716'/>
<dependency_failed type='unique_concrete_method' ctxk='java/util/HashMap' x='java/util/HashMap put (Ljava/lang/Object;Ljava/lang/Object;)Ljava/lang/Object;' witness='org/eclipse/jetty/http/PathMap' stamp='4.716'/>
<writer thread='139993096881920'/>
<dependency_failed type='leaf_type' ctxk='java/util/StringTokenizer' witness='org/eclipse/jetty/util/QuotedStringTokenizer' stamp='4.855'/>
<dependency_failed type='leaf_type' ctxk='java/util/StringTokenizer' witness='org/eclipse/jetty/util/QuotedStringTokenizer' stamp='4.855'/>
<dependency_failed type='leaf_type' ctxk='java/util/StringTokenizer' witness='org/eclipse/jetty/util/QuotedStringTokenizer' stamp='4.855'/>
<dependency_failed type='leaf_type' ctxk='java/util/StringTokenizer' witness='org/eclipse/jetty/util/QuotedStringTokenizer' stamp='4.855'/>
<dependency_failed type='leaf_type' ctxk='java/util/StringTokenizer' witness='org/eclipse/jetty/util/QuotedStringTokenizer' stamp='4.855'/>
<dependency_failed type='unique_concrete_method' ctxk='java/nio/HeapByteBuffer' x='java/nio/HeapByteBuffer _get (I)B' witness='java/nio/HeapByteBufferR' stamp='4.860'/>
<dependency_failed type='leaf_type' ctxk='java/nio/HeapByteBuffer' witness='java/nio/HeapByteBufferR' stamp='4.860'/>
<dependency_failed type='leaf_type' ctxk='java/nio/HeapByteBuffer' witness='java/nio/HeapByteBufferR' stamp='4.860'/>
<dependency_failed type='leaf_type' ctxk='java/nio/HeapByteBuffer' witness='java/nio/HeapByteBufferR' stamp='4.860'/>
<dependency_failed type='leaf_type' ctxk='java/nio/HeapByteBuffer' witness='java/nio/HeapByteBufferR' stamp='4.860'/>
<dependency_failed type='leaf_type' ctxk='java/nio/HeapByteBuffer' witness='java/nio/HeapByteBufferR' stamp='4.860'/>
<dependency_failed type='leaf_type' ctxk='java/nio/HeapByteBuffer' witness='java/nio/HeapByteBufferR' stamp='4.860'/>
<dependency_failed type='leaf_type' ctxk='java/util/concurrent/atomic/AtomicReference' witness='org/eclipse/sisu/inject/RankedSequence' stamp='11.100'/>
<dependency_failed type='leaf_type' ctxk='java/util/concurrent/atomic/AtomicReference' witness='org/eclipse/sisu/inject/RankedSequence' stamp='11.100'/>
<dependency_failed type='leaf_type' ctxk='java/util/concurrent/atomic/AtomicReference' witness='org/eclipse/sisu/inject/RankedSequence' stamp='11.100'/>
<dependency_failed type='unique_concrete_method' ctxk='java/util/HashMap' x='java/util/HashMap containsKey (Ljava/lang/Object;)Z' witness='org/apache/commons/beanutils/WeakFastHashMap' stamp='11.303'/>
<dependency_failed type='unique_concrete_method' ctxk='java/util/HashMap' x='java/util/HashMap size ()I' witness='org/apache/commons/beanutils/WeakFastHashMap' stamp='11.303'/>
<dependency_failed type='unique_concrete_method' ctxk='java/util/HashMap' x='java/util/HashMap size ()I' witness='org/apache/commons/beanutils/WeakFastHashMap' stamp='11.303'/>
<dependency_failed type='unique_concrete_method' ctxk='java/util/HashMap' x='java/util/HashMap containsKey (Ljava/lang/Object;)Z' witness='org/apache/commons/beanutils/WeakFastHashMap' stamp='11.303'/>
<dependency_failed type='unique_concrete_method' ctxk='java/util/HashMap' x='java/util/HashMap containsKey (Ljava/lang/Object;)Z' witness='org/apache/commons/beanutils/WeakFastHashMap' stamp='11.303'/>
<dependency_failed type='unique_concrete_method' ctxk='java/util/HashMap' x='java/util/HashMap size ()I' witness='org/apache/commons/beanutils/WeakFastHashMap' stamp='11.303'/>
<dependency_failed type='unique_concrete_method' ctxk='java/util/HashMap' x='java/util/HashMap containsKey (Ljava/lang/Object;)Z' witness='org/apache/commons/beanutils/WeakFastHashMap' stamp='11.303'/>
<dependency_failed type='unique_concrete_method' ctxk='java/util/HashMap' x='java/util/HashMap containsKey (Ljava/lang/Object;)Z' witness='org/apache/commons/beanutils/WeakFastHashMap' stamp='11.304'/>
<dependency_failed type='unique_concrete_method' ctxk='java/util/HashMap' x='java/util/HashMap containsKey (Ljava/lang/Object;)Z' witness='org/apache/commons/beanutils/WeakFastHashMap' stamp='11.304'/>
<dependency_failed type='unique_concrete_method' ctxk='java/util/HashMap' x='java/util/HashMap containsKey (Ljava/lang/Object;)Z' witness='org/apache/commons/beanutils/WeakFastHashMap' stamp='11.304'/>
<dependency_failed type='unique_concrete_method' ctxk='java/util/HashMap' x='java/util/HashMap containsKey (Ljava/lang/Object;)Z' witness='org/apache/commons/beanutils/WeakFastHashMap' stamp='11.304'/>
<dependency_failed type='unique_concrete_method' ctxk='java/util/HashMap' x='java/util/HashMap isEmpty ()Z' witness='org/apache/commons/beanutils/WeakFastHashMap' stamp='11.304'/>
<dependency_failed type='unique_concrete_method' ctxk='java/util/HashMap' x='java/util/HashMap containsKey (Ljava/lang/Object;)Z' witness='org/apache/commons/beanutils/WeakFastHashMap' stamp='11.304'/>
<dependency_failed type='leaf_type' ctxk='java/util/Date' witness='java/sql/Date' stamp='11.315'/>
<dependency_failed type='leaf_type' ctxk='java/util/Date' witness='java/sql/Date' stamp='11.315'/>
<dependency_failed type='leaf_type' ctxk='java/util/Date' witness='java/sql/Date' stamp='11.315'/>
<dependency_failed type='leaf_type' ctxk='java/util/Date' witness='java/sql/Date' stamp='11.315'/>
<dependency_failed type='abstract_with_unique_concrete_subtype' ctxk='java/util/AbstractSequentialList' x='java/util/LinkedList' witness='org/eclipse/sisu/wire/EntryListAdapter' stamp='11.768'/>
<dependency_failed type='leaf_type' ctxk='java/util/concurrent/ConcurrentHashMap' witness='javax/el/BeanELResolver$SoftConcurrentHashMap' stamp='12.461'/>
<dependency_failed type='leaf_type' ctxk='java/util/concurrent/ConcurrentHashMap' witness='javax/el/BeanELResolver$SoftConcurrentHashMap' stamp='12.461'/>
<dependency_failed type='leaf_type' ctxk='java/util/concurrent/ConcurrentHashMap' witness='javax/el/BeanELResolver$SoftConcurrentHashMap' stamp='12.461'/>
<dependency_failed type='leaf_type' ctxk='java/util/concurrent/ConcurrentHashMap' witness='javax/el/BeanELResolver$SoftConcurrentHashMap' stamp='12.461'/>
<dependency_failed type='leaf_type' ctxk='java/util/concurrent/ConcurrentHashMap' witness='javax/el/BeanELResolver$SoftConcurrentHashMap' stamp='12.461'/>
<dependency_failed type='leaf_type' ctxk='java/util/concurrent/ConcurrentHashMap' witness='javax/el/BeanELResolver$SoftConcurrentHashMap' stamp='12.461'/>
<dependency_failed type='leaf_type' ctxk='java/util/concurrent/ConcurrentHashMap' witness='javax/el/BeanELResolver$SoftConcurrentHashMap' stamp='12.461'/>
<dependency_failed type='leaf_type' ctxk='java/util/concurrent/ConcurrentHashMap' witness='javax/el/BeanELResolver$SoftConcurrentHashMap' stamp='12.461'/>
<dependency_failed type='leaf_type' ctxk='java/util/concurrent/ConcurrentHashMap' witness='javax/el/BeanELResolver$SoftConcurrentHashMap' stamp='12.461'/>
<dependency_failed type='leaf_type' ctxk='java/util/concurrent/ConcurrentHashMap' witness='javax/el/BeanELResolver$SoftConcurrentHashMap' stamp='12.461'/>
<dependency_failed type='leaf_type' ctxk='java/util/concurrent/ConcurrentHashMap' witness='javax/el/BeanELResolver$SoftConcurrentHashMap' stamp='12.461'/>
<dependency_failed type='leaf_type' ctxk='java/util/concurrent/ConcurrentHashMap' witness='javax/el/BeanELResolver$SoftConcurrentHashMap' stamp='12.461'/>
<dependency_failed type='leaf_type' ctxk='java/util/concurrent/ConcurrentHashMap' witness='javax/el/BeanELResolver$SoftConcurrentHashMap' stamp='12.461'/>
<dependency_failed type='leaf_type' ctxk='java/util/concurrent/ConcurrentHashMap' witness='javax/el/BeanELResolver$SoftConcurrentHashMap' stamp='12.461'/>
<dependency_failed type='leaf_type' ctxk='java/util/concurrent/ConcurrentHashMap' witness='javax/el/BeanELResolver$SoftConcurrentHashMap' stamp='12.461'/>
<writer thread='139994136721152'/>
<dependency_failed type='unique_concrete_method' ctxk='java/util/concurrent/ConcurrentHashMap' x='java/util/concurrent/ConcurrentHashMap putIfAbsent (Ljava/lang/Object;Ljava/lang/Object;)Ljava/lang/Object;' witness='com/sun/el/lang/ExpressionBuilder$SoftConcurrentHashMap' stamp='13.372'/>
<writer thread='139993096881920'/>
<dependency_failed type='unique_concrete_method' ctxk='java/io/IOException' x='java/lang/Throwable toString ()Ljava/lang/String;' witness='com/fasterxml/jackson/core/JsonProcessingException' stamp='14.431'/>
<dependency_failed type='unique_concrete_method' ctxk='java/util/LinkedHashMap' x='java/util/LinkedHashMap get (Ljava/lang/Object;)Ljava/lang/Object;' witness='jdk/nashorn/internal/runtime/Context$ClassCache' stamp='14.683'/>
<dependency_failed type='unique_concrete_method' ctxk='java/util/LinkedHashMap' x='java/util/LinkedHashMap get (Ljava/lang/Object;)Ljava/lang/Object;' witness='jdk/nashorn/internal/runtime/Context$ClassCache' stamp='14.683'/>
<dependency_failed type='unique_concrete_method' ctxk='java/util/LinkedHashMap' x='java/util/LinkedHashMap get (Ljava/lang/Object;)Ljava/lang/Object;' witness='jdk/nashorn/internal/runtime/Context$ClassCache' stamp='14.683'/>
<dependency_failed type='unique_concrete_method' ctxk='java/util/LinkedHashMap' x='java/util/LinkedHashMap get (Ljava/lang/Object;)Ljava/lang/Object;' witness='jdk/nashorn/internal/runtime/Context$ClassCache' stamp='14.683'/>
<dependency_failed type='unique_concrete_method' ctxk='java/util/LinkedHashMap' x='java/util/LinkedHashMap get (Ljava/lang/Object;)Ljava/lang/Object;' witness='jdk/nashorn/internal/runtime/Context$ClassCache' stamp='14.683'/>
<dependency_failed type='leaf_type' ctxk='java/util/concurrent/LinkedBlockingQueue' witness='com/orientechnologies/orient/core/Orient$2' stamp='15.110'/>
<dependency_failed type='leaf_type' ctxk='java/util/concurrent/LinkedBlockingQueue' witness='com/orientechnologies/orient/core/Orient$2' stamp='15.110'/>
<dependency_failed type='leaf_type' ctxk='java/util/concurrent/LinkedBlockingQueue' witness='com/orientechnologies/orient/core/Orient$2' stamp='15.110'/>
<dependency_failed type='leaf_type' ctxk='java/util/Collections$UnmodifiableMap' witness='java/util/Collections$UnmodifiableSortedMap' stamp='15.733'/>
<dependency_failed type='unique_concrete_method' ctxk='java/util/concurrent/RejectedExecutionHandler' x='java/util/concurrent/ThreadPoolExecutor$AbortPolicy rejectedExecution (Ljava/lang/Runnable;Ljava/util/concurrent/ThreadPoolExecutor;)V' witness='java/util/concurrent/RejectedExecutionHandler' stamp='15.888'/>
<dependency_failed type='unique_concrete_method' ctxk='java/lang/reflect/AccessibleObject' x='java/lang/reflect/AccessibleObject setAccessible (Z)V' witness='com/google/common/reflect/Element' stamp='15.900'/>
<writer thread='139994132236032'/>
<dependency_failed type='leaf_type' ctxk='org/xml/sax/helpers/AttributesImpl' witness='com/sun/org/apache/xml/internal/serializer/AttributesImplSerializer' stamp='30.177'/>
<writer thread='139993331382016'/>
<dependency_failed type='unique_concrete_method' ctxk='java/security/cert/Certificate' x='java/security/cert/Certificate equals (Ljava/lang/Object;)Z' witness='org/bouncycastle/jcajce/provider/asymmetric/x509/X509CertificateObject' stamp='35.997'/>
<dependency_failed type='unique_concrete_method' ctxk='java/security/cert/Certificate' x='java/security/cert/Certificate equals (Ljava/lang/Object;)Z' witness='org/bouncycastle/jcajce/provider/asymmetric/x509/X509CertificateObject' stamp='35.997'/>
<dependency_failed type='abstract_with_unique_concrete_subtype' ctxk='java/security/cert/CertPath' x='sun/security/provider/certpath/X509CertPath' witness='org/bouncycastle/jcajce/provider/asymmetric/x509/PKIXCertPath' stamp='36.000'/>
<dependency_failed type='abstract_with_unique_concrete_subtype' ctxk='java/security/cert/CertPath' x='sun/security/provider/certpath/X509CertPath' witness='org/bouncycastle/jcajce/provider/asymmetric/x509/PKIXCertPath' stamp='36.000'/>
<dependency_failed type='abstract_with_unique_concrete_subtype' ctxk='java/util/TimeZone' x='sun/util/calendar/ZoneInfo' witness='java/util/SimpleTimeZone' stamp='36.027'/>
<dependency_failed type='unique_concrete_method' ctxk='java/lang/ThreadLocal' x='java/lang/ThreadLocal set (Ljava/lang/Object;)V' witness='com/orientechnologies/orient/core/db/ODatabaseRecordThreadLocal' stamp='36.292'/>
<dependency_failed type='unique_concrete_method' ctxk='java/lang/ThreadLocal' x='java/lang/ThreadLocal get ()Ljava/lang/Object;' witness='com/orientechnologies/orient/core/db/ODatabaseRecordThreadLocal' stamp='36.292'/>
<dependency_failed type='unique_concrete_method' ctxk='java/lang/ThreadLocal' x='java/lang/ThreadLocal get ()Ljava/lang/Object;' witness='com/orientechnologies/orient/core/db/ODatabaseRecordThreadLocal' stamp='36.292'/>
<dependency_failed type='unique_concrete_method' ctxk='java/lang/ThreadLocal' x='java/lang/ThreadLocal get ()Ljava/lang/Object;' witness='com/orientechnologies/orient/core/db/ODatabaseRecordThreadLocal' stamp='36.292'/>
<dependency_failed type='unique_concrete_method' ctxk='java/lang/ThreadLocal' x='java/lang/ThreadLocal get ()Ljava/lang/Object;' witness='com/orientechnologies/orient/core/db/ODatabaseRecordThreadLocal' stamp='36.292'/>
<dependency_failed type='unique_concrete_method' ctxk='java/lang/ThreadLocal' x='java/lang/ThreadLocal get ()Ljava/lang/Object;' witness='com/orientechnologies/orient/core/db/ODatabaseRecordThreadLocal' stamp='36.292'/>
<dependency_failed type='unique_concrete_method' ctxk='java/lang/ThreadLocal' x='java/lang/ThreadLocal get ()Ljava/lang/Object;' witness='com/orientechnologies/orient/core/db/ODatabaseRecordThreadLocal' stamp='36.292'/>
<dependency_failed type='unique_concrete_method' ctxk='java/lang/ThreadLocal' x='java/lang/ThreadLocal set (Ljava/lang/Object;)V' witness='com/orientechnologies/orient/core/db/ODatabaseRecordThreadLocal' stamp='36.292'/>
<dependency_failed type='unique_concrete_method' ctxk='java/lang/ThreadLocal' x='java/lang/ThreadLocal get ()Ljava/lang/Object;' witness='com/orientechnologies/orient/core/db/ODatabaseRecordThreadLocal' stamp='36.292'/>
<dependency_failed type='unique_concrete_method' ctxk='java/lang/ThreadLocal' x='java/lang/ThreadLocal get ()Ljava/lang/Object;' witness='com/orientechnologies/orient/core/db/ODatabaseRecordThreadLocal' stamp='36.292'/>
<dependency_failed type='unique_concrete_method' ctxk='java/lang/ThreadLocal' x='java/lang/ThreadLocal get ()Ljava/lang/Object;' witness='com/orientechnologies/orient/core/db/ODatabaseRecordThreadLocal' stamp='36.292'/>
<dependency_failed type='unique_concrete_method' ctxk='java/lang/ThreadLocal' x='java/lang/ThreadLocal get ()Ljava/lang/Object;' witness='com/orientechnologies/orient/core/db/ODatabaseRecordThreadLocal' stamp='36.292'/>
<dependency_failed type='unique_concrete_method' ctxk='java/lang/ThreadLocal' x='java/lang/ThreadLocal get ()Ljava/lang/Object;' witness='com/orientechnologies/orient/core/db/ODatabaseRecordThreadLocal' stamp='36.292'/>
<dependency_failed type='unique_concrete_method' ctxk='java/lang/ThreadLocal' x='java/lang/ThreadLocal get ()Ljava/lang/Object;' witness='com/orientechnologies/orient/core/db/ODatabaseRecordThreadLocal' stamp='36.292'/>
<dependency_failed type='unique_concrete_method' ctxk='java/lang/ThreadLocal' x='java/lang/ThreadLocal get ()Ljava/lang/Object;' witness='com/orientechnologies/orient/core/db/ODatabaseRecordThreadLocal' stamp='36.292'/>
<dependency_failed type='unique_concrete_method' ctxk='java/lang/ThreadLocal' x='java/lang/ThreadLocal get ()Ljava/lang/Object;' witness='com/orientechnologies/orient/core/db/ODatabaseRecordThreadLocal' stamp='36.292'/>
<dependency_failed type='unique_concrete_method' ctxk='java/lang/ThreadLocal' x='java/lang/ThreadLocal get ()Ljava/lang/Object;' witness='com/orientechnologies/orient/core/db/ODatabaseRecordThreadLocal' stamp='36.292'/>
<dependency_failed type='unique_concrete_method' ctxk='java/lang/ThreadLocal' x='java/lang/ThreadLocal get ()Ljava/lang/Object;' witness='com/orientechnologies/orient/core/db/ODatabaseRecordThreadLocal' stamp='36.292'/>
<dependency_failed type='unique_concrete_method' ctxk='java/lang/ThreadLocal' x='java/lang/ThreadLocal set (Ljava/lang/Object;)V' witness='com/orientechnologies/orient/core/db/ODatabaseRecordThreadLocal' stamp='36.293'/>
<dependency_failed type='unique_concrete_method' ctxk='java/lang/ThreadLocal' x='java/lang/ThreadLocal get ()Ljava/lang/Object;' witness='com/orientechnologies/orient/core/db/ODatabaseRecordThreadLocal' stamp='36.293'/>
<dependency_failed type='unique_concrete_method' ctxk='java/lang/ThreadLocal' x='java/lang/ThreadLocal get ()Ljava/lang/Object;' witness='com/orientechnologies/orient/core/db/ODatabaseRecordThreadLocal' stamp='36.293'/>
<dependency_failed type='unique_concrete_method' ctxk='java/util/ArrayList' x='java/util/ArrayList addAll (Ljava/util/Collection;)Z' witness='com/orientechnologies/orient/core/db/record/OTrackedList' stamp='36.546'/>
<dependency_failed type='unique_concrete_method' ctxk='java/util/ArrayList' x='java/util/ArrayList add (Ljava/lang/Object;)Z' witness='com/orientechnologies/orient/core/db/record/OTrackedList' stamp='36.546'/>
<dependency_failed type='unique_concrete_method' ctxk='java/util/ArrayList' x='java/util/ArrayList add (Ljava/lang/Object;)Z' witness='com/orientechnologies/orient/core/db/record/OTrackedList' stamp='36.546'/>
<dependency_failed type='unique_concrete_method' ctxk='java/util/ArrayList' x='java/util/ArrayList add (Ljava/lang/Object;)Z' witness='com/orientechnologies/orient/core/db/record/OTrackedList' stamp='36.546'/>
<dependency_failed type='unique_concrete_method' ctxk='java/util/ArrayList' x='java/util/ArrayList add (Ljava/lang/Object;)Z' witness='com/orientechnologies/orient/core/db/record/OTrackedList' stamp='36.546'/>
<dependency_failed type='unique_concrete_method' ctxk='java/util/ArrayList' x='java/util/ArrayList add (Ljava/lang/Object;)Z' witness='com/orientechnologies/orient/core/db/record/OTrackedList' stamp='36.546'/>
<dependency_failed type='unique_concrete_method' ctxk='java/util/ArrayList' x='java/util/ArrayList add (Ljava/lang/Object;)Z' witness='com/orientechnologies/orient/core/db/record/OTrackedList' stamp='36.546'/>
<dependency_failed type='unique_concrete_method' ctxk='java/util/ArrayList' x='java/util/ArrayList remove (I)Ljava/lang/Object;' witness='com/orientechnologies/orient/core/db/record/OTrackedList' stamp='36.546'/>
<dependency_failed type='unique_concrete_method' ctxk='java/util/ArrayList' x='java/util/ArrayList add (Ljava/lang/Object;)Z' witness='com/orientechnologies/orient/core/db/record/OTrackedList' stamp='36.546'/>
<dependency_failed type='unique_concrete_method' ctxk='java/util/ArrayList' x='java/util/ArrayList add (Ljava/lang/Object;)Z' witness='com/orientechnologies/orient/core/db/record/OTrackedList' stamp='36.546'/>
<dependency_failed type='unique_concrete_method' ctxk='java/util/ArrayList' x='java/util/ArrayList remove (I)Ljava/lang/Object;' witness='com/orientechnologies/orient/core/db/record/OTrackedList' stamp='36.546'/>
<dependency_failed type='unique_concrete_method' ctxk='java/util/ArrayList' x='java/util/ArrayList addAll (Ljava/util/Collection;)Z' witness='com/orientechnologies/orient/core/db/record/OTrackedList' stamp='36.546'/>
<dependency_failed type='unique_concrete_method' ctxk='java/util/ArrayList' x='java/util/ArrayList add (Ljava/lang/Object;)Z' witness='com/orientechnologies/orient/core/db/record/OTrackedList' stamp='36.546'/>
<dependency_failed type='unique_concrete_method' ctxk='java/util/ArrayList' x='java/util/ArrayList add (Ljava/lang/Object;)Z' witness='com/orientechnologies/orient/core/db/record/OTrackedList' stamp='36.546'/>
<dependency_failed type='unique_concrete_method' ctxk='java/util/ArrayList' x='java/util/ArrayList remove (I)Ljava/lang/Object;' witness='com/orientechnologies/orient/core/db/record/OTrackedList' stamp='36.546'/>
<dependency_failed type='unique_concrete_method' ctxk='java/util/ArrayList' x='java/util/ArrayList removeAll (Ljava/util/Collection;)Z' witness='com/orientechnologies/orient/core/db/record/OTrackedList' stamp='36.546'/>
<dependency_failed type='unique_concrete_method' ctxk='java/util/ArrayList' x='java/util/ArrayList add (Ljava/lang/Object;)Z' witness='com/orientechnologies/orient/core/db/record/OTrackedList' stamp='36.547'/>
<dependency_failed type='unique_concrete_method' ctxk='java/util/ArrayList' x='java/util/ArrayList add (Ljava/lang/Object;)Z' witness='com/orientechnologies/orient/core/db/record/OTrackedList' stamp='36.547'/>
<dependency_failed type='unique_concrete_method' ctxk='java/util/ArrayList' x='java/util/ArrayList clear ()V' witness='com/orientechnologies/orient/core/db/record/OTrackedList' stamp='36.547'/>
<dependency_failed type='unique_concrete_method' ctxk='java/util/ArrayList' x='java/util/ArrayList add (Ljava/lang/Object;)Z' witness='com/orientechnologies/orient/core/db/record/OTrackedList' stamp='36.547'/>
<dependency_failed type='unique_concrete_method' ctxk='java/util/ArrayList' x='java/util/ArrayList add (Ljava/lang/Object;)Z' witness='com/orientechnologies/orient/core/db/record/OTrackedList' stamp='36.547'/>
<dependency_failed type='unique_concrete_method' ctxk='java/util/ArrayList' x='java/util/ArrayList add (Ljava/lang/Object;)Z' witness='com/orientechnologies/orient/core/db/record/OTrackedList' stamp='36.548'/>
<dependency_failed type='unique_concrete_method' ctxk='java/util/ArrayList' x='java/util/ArrayList add (Ljava/lang/Object;)Z' witness='com/orientechnologies/orient/core/db/record/OTrackedList' stamp='36.548'/>
<dependency_failed type='unique_concrete_method' ctxk='java/util/ArrayList' x='java/util/ArrayList add (Ljava/lang/Object;)Z' witness='com/orientechnologies/orient/core/db/record/OTrackedList' stamp='36.548'/>
<dependency_failed type='unique_concrete_method' ctxk='java/util/ArrayList' x='java/util/ArrayList remove (I)Ljava/lang/Object;' witness='com/orientechnologies/orient/core/db/record/OTrackedList' stamp='36.548'/>
<dependency_failed type='unique_concrete_method' ctxk='java/util/ArrayList' x='java/util/ArrayList add (Ljava/lang/Object;)Z' witness='com/orientechnologies/orient/core/db/record/OTrackedList' stamp='36.548'/>
<dependency_failed type='unique_concrete_method' ctxk='java/util/ArrayList' x='java/util/ArrayList set (ILjava/lang/Object;)Ljava/lang/Object;' witness='com/orientechnologies/orient/core/db/record/OTrackedList' stamp='36.548'/>
<dependency_failed type='unique_concrete_method' ctxk='java/util/ArrayList' x='java/util/ArrayList add (Ljava/lang/Object;)Z' witness='com/orientechnologies/orient/core/db/record/OTrackedList' stamp='36.548'/>
<dependency_failed type='unique_concrete_method' ctxk='java/util/ArrayList' x='java/util/ArrayList add (Ljava/lang/Object;)Z' witness='com/orientechnologies/orient/core/db/record/OTrackedList' stamp='36.548'/>
<dependency_failed type='unique_concrete_method' ctxk='java/util/ArrayList' x='java/util/ArrayList add (Ljava/lang/Object;)Z' witness='com/orientechnologies/orient/core/db/record/OTrackedList' stamp='36.548'/>
<dependency_failed type='unique_concrete_method' ctxk='java/util/ArrayList' x='java/util/ArrayList add (Ljava/lang/Object;)Z' witness='com/orientechnologies/orient/core/db/record/OTrackedList' stamp='36.548'/>
<dependency_failed type='unique_concrete_method' ctxk='java/util/ArrayList' x='java/util/ArrayList add (Ljava/lang/Object;)Z' witness='com/orientechnologies/orient/core/db/record/OTrackedList' stamp='36.548'/>
<dependency_failed type='unique_concrete_method' ctxk='java/util/ArrayList' x='java/util/ArrayList add (Ljava/lang/Object;)Z' witness='com/orientechnologies/orient/core/db/record/OTrackedList' stamp='36.548'/>
<dependency_failed type='unique_concrete_method' ctxk='java/util/ArrayList' x='java/util/ArrayList add (Ljava/lang/Object;)Z' witness='com/orientechnologies/orient/core/db/record/OTrackedList' stamp='36.548'/>
<dependency_failed type='unique_concrete_method' ctxk='java/util/ArrayList' x='java/util/ArrayList add (Ljava/lang/Object;)Z' witness='com/orientechnologies/orient/core/db/record/OTrackedList' stamp='36.548'/>
<dependency_failed type='unique_concrete_method' ctxk='java/util/ArrayList' x='java/util/ArrayList iterator ()Ljava/util/Iterator;' witness='com/orientechnologies/orient/core/db/record/ORecordLazyList' stamp='36.550'/>
<dependency_failed type='unique_concrete_method' ctxk='java/util/ArrayList' x='java/util/ArrayList indexOf (Ljava/lang/Object;)I' witness='com/orientechnologies/orient/core/db/record/ORecordLazyList' stamp='36.550'/>
<dependency_failed type='unique_concrete_method' ctxk='java/util/ArrayList' x='java/util/ArrayList size ()I' witness='com/orientechnologies/orient/core/db/record/ORecordLazyList' stamp='36.550'/>
<dependency_failed type='unique_concrete_method' ctxk='java/util/ArrayList' x='java/util/ArrayList iterator ()Ljava/util/Iterator;' witness='com/orientechnologies/orient/core/db/record/ORecordLazyList' stamp='36.550'/>
<dependency_failed type='unique_concrete_method' ctxk='java/util/ArrayList' x='java/util/ArrayList indexOf (Ljava/lang/Object;)I' witness='com/orientechnologies/orient/core/db/record/ORecordLazyList' stamp='36.551'/>
<dependency_failed type='unique_concrete_method' ctxk='java/util/ArrayList' x='java/util/ArrayList size ()I' witness='com/orientechnologies/orient/core/db/record/ORecordLazyList' stamp='36.551'/>
<dependency_failed type='unique_concrete_method' ctxk='java/util/ArrayList' x='java/util/ArrayList size ()I' witness='com/orientechnologies/orient/core/db/record/ORecordLazyList' stamp='36.551'/>
<dependency_failed type='unique_concrete_method' ctxk='java/util/ArrayList' x='java/util/ArrayList size ()I' witness='com/orientechnologies/orient/core/db/record/ORecordLazyList' stamp='36.551'/>
<dependency_failed type='unique_concrete_method' ctxk='java/util/ArrayList' x='java/util/ArrayList isEmpty ()Z' witness='com/orientechnologies/orient/core/db/record/ORecordLazyList' stamp='36.551'/>
<dependency_failed type='unique_concrete_method' ctxk='java/util/ArrayList' x='java/util/ArrayList size ()I' witness='com/orientechnologies/orient/core/db/record/ORecordLazyList' stamp='36.551'/>
<dependency_failed type='unique_concrete_method' ctxk='java/util/ArrayList' x='java/util/ArrayList size ()I' witness='com/orientechnologies/orient/core/db/record/ORecordLazyList' stamp='36.551'/>
<dependency_failed type='unique_concrete_method' ctxk='java/util/ArrayList' x='java/util/ArrayList size ()I' witness='com/orientechnologies/orient/core/db/record/ORecordLazyList' stamp='36.551'/>
<dependency_failed type='unique_concrete_method' ctxk='java/util/ArrayList' x='java/util/ArrayList get (I)Ljava/lang/Object;' witness='com/orientechnologies/orient/core/db/record/ORecordLazyList' stamp='36.551'/>
<dependency_failed type='unique_concrete_method' ctxk='java/util/ArrayList' x='java/util/ArrayList size ()I' witness='com/orientechnologies/orient/core/db/record/ORecordLazyList' stamp='36.551'/>
<dependency_failed type='unique_concrete_method' ctxk='java/util/ArrayList' x='java/util/ArrayList size ()I' witness='com/orientechnologies/orient/core/db/record/ORecordLazyList' stamp='36.551'/>
<dependency_failed type='unique_concrete_method' ctxk='java/util/ArrayList' x='java/util/ArrayList indexOf (Ljava/lang/Object;)I' witness='com/orientechnologies/orient/core/db/record/ORecordLazyList' stamp='36.551'/>
<dependency_failed type='no_finalizable_subclasses' ctxk='java/lang/ref/WeakReference' witness='com/sun/jna/CallbackReference' stamp='36.659'/>
<dependency_failed type='no_finalizable_subclasses' ctxk='java/lang/ref/WeakReference' witness='com/sun/jna/CallbackReference' stamp='36.659'/>
<dependency_failed type='no_finalizable_subclasses' ctxk='java/lang/ref/Reference' witness='com/sun/jna/CallbackReference' stamp='36.659'/>
<dependency_failed type='no_finalizable_subclasses' ctxk='java/lang/ref/Reference' witness='com/sun/jna/CallbackReference' stamp='36.659'/>
<dependency_failed type='leaf_type' ctxk='java/io/BufferedOutputStream' witness='java/lang/UNIXProcess$ProcessPipeOutputStream' stamp='36.679'/>
<dependency_failed type='leaf_type' ctxk='java/io/BufferedOutputStream' witness='java/lang/UNIXProcess$ProcessPipeOutputStream' stamp='36.679'/>
<dependency_failed type='leaf_type' ctxk='java/io/BufferedInputStream' witness='java/lang/UNIXProcess$ProcessPipeInputStream' stamp='36.681'/>
<dependency_failed type='leaf_type' ctxk='java/io/BufferedInputStream' witness='java/lang/UNIXProcess$ProcessPipeInputStream' stamp='36.682'/>
<dependency_failed type='leaf_type' ctxk='java/io/BufferedInputStream' witness='java/lang/UNIXProcess$ProcessPipeInputStream' stamp='36.682'/>
<dependency_failed type='leaf_type' ctxk='java/io/BufferedInputStream' witness='java/lang/UNIXProcess$ProcessPipeInputStream' stamp='36.682'/>
<dependency_failed type='leaf_type' ctxk='java/io/BufferedInputStream' witness='java/lang/UNIXProcess$ProcessPipeInputStream' stamp='36.682'/>
<dependency_failed type='leaf_type' ctxk='java/io/BufferedInputStream' witness='java/lang/UNIXProcess$ProcessPipeInputStream' stamp='36.682'/>
<dependency_failed type='unique_concrete_method' ctxk='java/util/LinkedHashMap' x='java/util/HashMap put (Ljava/lang/Object;Ljava/lang/Object;)Ljava/lang/Object;' witness='com/orientechnologies/orient/core/db/record/OTrackedMap' stamp='36.833'/>
<dependency_failed type='unique_concrete_method' ctxk='java/util/LinkedHashMap' x='java/util/HashMap put (Ljava/lang/Object;Ljava/lang/Object;)Ljava/lang/Object;' witness='com/orientechnologies/orient/core/db/record/OTrackedMap' stamp='36.833'/>
<dependency_failed type='unique_concrete_method' ctxk='java/util/LinkedHashMap' x='java/util/HashMap put (Ljava/lang/Object;Ljava/lang/Object;)Ljava/lang/Object;' witness='com/orientechnologies/orient/core/db/record/OTrackedMap' stamp='36.833'/>
<dependency_failed type='unique_concrete_method' ctxk='java/util/LinkedHashMap' x='java/util/HashMap put (Ljava/lang/Object;Ljava/lang/Object;)Ljava/lang/Object;' witness='com/orientechnologies/orient/core/db/record/OTrackedMap' stamp='36.833'/>
<dependency_failed type='unique_concrete_method' ctxk='java/util/LinkedHashMap' x='java/util/HashMap put (Ljava/lang/Object;Ljava/lang/Object;)Ljava/lang/Object;' witness='com/orientechnologies/orient/core/db/record/OTrackedMap' stamp='36.833'/>
<dependency_failed type='unique_concrete_method' ctxk='java/util/LinkedHashMap' x='java/util/HashMap put (Ljava/lang/Object;Ljava/lang/Object;)Ljava/lang/Object;' witness='com/orientechnologies/orient/core/db/record/OTrackedMap' stamp='36.833'/>
<dependency_failed type='unique_concrete_method' ctxk='javax/management/Descriptor' x='javax/management/ImmutableDescriptor getFieldNames ()[Ljava/lang/String;' witness='javax/management/Descriptor' stamp='36.863'/>
<dependency_failed type='unique_concrete_method' ctxk='javax/management/Descriptor' x='javax/management/ImmutableDescriptor getFieldNames ()[Ljava/lang/String;' witness='javax/management/Descriptor' stamp='36.863'/>
<dependency_failed type='leaf_type' ctxk='java/util/concurrent/ScheduledThreadPoolExecutor' witness='com/orientechnologies/common/thread/OScheduledThreadPoolExecutorWithLogging' stamp='36.876'/>
<dependency_failed type='leaf_type' ctxk='java/util/concurrent/ScheduledThreadPoolExecutor' witness='com/orientechnologies/common/thread/OScheduledThreadPoolExecutorWithLogging' stamp='36.877'/>
<dependency_failed type='leaf_type' ctxk='java/util/concurrent/ScheduledThreadPoolExecutor' witness='com/orientechnologies/common/thread/OScheduledThreadPoolExecutorWithLogging' stamp='36.877'/>
<dependency_failed type='leaf_type' ctxk='java/util/concurrent/ScheduledThreadPoolExecutor' witness='com/orientechnologies/common/thread/OScheduledThreadPoolExecutorWithLogging' stamp='36.877'/>
<dependency_failed type='leaf_type' ctxk='java/util/concurrent/ScheduledThreadPoolExecutor' witness='com/orientechnologies/common/thread/OScheduledThreadPoolExecutorWithLogging' stamp='36.877'/>
<dependency_failed type='leaf_type' ctxk='java/util/concurrent/ScheduledThreadPoolExecutor' witness='com/orientechnologies/common/thread/OScheduledThreadPoolExecutorWithLogging' stamp='36.877'/>
<dependency_failed type='leaf_type' ctxk='java/util/concurrent/ScheduledThreadPoolExecutor' witness='com/orientechnologies/common/thread/OScheduledThreadPoolExecutorWithLogging' stamp='36.877'/>
<dependency_failed type='unique_concrete_method' ctxk='com/orientechnologies/orient/core/serialization/ODocumentSerializable' x='com/orientechnologies/orient/core/metadata/schema/OGlobalPropertyImpl toDocument ()Lcom/orientechnologies/orient/core/record/impl/ODocument;' witness='com/orientechnologies/orient/core/serialization/ODocumentSerializable' stamp='38.875'/>
<dependency_failed type='leaf_type' ctxk='java/util/Collections$SynchronizedMap' witness='java/util/Collections$SynchronizedSortedMap' stamp='40.092'/>
<dependency_failed type='leaf_type' ctxk='com/orientechnologies/orient/core/db/document/ODatabaseDocumentTx' witness='com/orientechnologies/orient/core/db/OPartitionedDatabasePool$DatabaseDocumentTxPooled' stamp='40.329'/>
<dependency_failed type='leaf_type' ctxk='com/orientechnologies/orient/core/db/document/ODatabaseDocumentTx' witness='com/orientechnologies/orient/core/db/OPartitionedDatabasePool$DatabaseDocumentTxPooled' stamp='40.329'/>
<dependency_failed type='leaf_type' ctxk='com/orientechnologies/orient/core/db/document/ODatabaseDocumentTx' witness='com/orientechnologies/orient/core/db/OPartitionedDatabasePool$DatabaseDocumentTxPooled' stamp='40.329'/>
<dependency_failed type='leaf_type' ctxk='com/orientechnologies/orient/core/db/document/ODatabaseDocumentTx' witness='com/orientechnologies/orient/core/db/OPartitionedDatabasePool$DatabaseDocumentTxPooled' stamp='40.329'/>
<dependency_failed type='leaf_type' ctxk='com/orientechnologies/orient/core/db/document/ODatabaseDocumentTx' witness='com/orientechnologies/orient/core/db/OPartitionedDatabasePool$DatabaseDocumentTxPooled' stamp='40.329'/>
<dependency_failed type='leaf_type' ctxk='com/orientechnologies/orient/core/db/document/ODatabaseDocumentTx' witness='com/orientechnologies/orient/core/db/OPartitionedDatabasePool$DatabaseDocumentTxPooled' stamp='40.329'/>
<dependency_failed type='leaf_type' ctxk='com/orientechnologies/orient/core/db/document/ODatabaseDocumentTx' witness='com/orientechnologies/orient/core/db/OPartitionedDatabasePool$DatabaseDocumentTxPooled' stamp='40.329'/>
<dependency_failed type='leaf_type' ctxk='com/orientechnologies/orient/core/db/document/ODatabaseDocumentTx' witness='com/orientechnologies/orient/core/db/OPartitionedDatabasePool$DatabaseDocumentTxPooled' stamp='40.329'/>
<dependency_failed type='leaf_type' ctxk='com/orientechnologies/orient/core/db/document/ODatabaseDocumentTx' witness='com/orientechnologies/orient/core/db/OPartitionedDatabasePool$DatabaseDocumentTxPooled' stamp='40.329'/>
<dependency_failed type='leaf_type' ctxk='com/google/common/collect/ImmutableMap$Builder' witness='com/google/common/collect/ImmutableBiMap$Builder' stamp='49.950'/>
<dependency_failed type='leaf_type' ctxk='com/google/common/collect/ImmutableMapEntry$NonTerminalImmutableMapEntry' witness='com/google/common/collect/ImmutableMapEntry$NonTerminalImmutableBiMapEntry' stamp='49.957'/>
<dependency_failed type='unique_concrete_method' ctxk='com/orientechnologies/orient/core/db/record/OMultiValueChangeListener' x='com/orientechnologies/orient/core/record/impl/OSimpleMultiValueChangeListener onAfterRecordChanged (Lcom/orientechnologies/orient/core/db/record/OMultiValueChangeEvent;)V' witness='com/orientechnologies/orient/core/db/record/OMultiValueChangeListener' stamp='52.900'/>
<dependency_failed type='unique_concrete_method' ctxk='com/orientechnologies/orient/core/db/record/OMultiValueChangeListener' x='com/orientechnologies/orient/core/record/impl/OSimpleMultiValueChangeListener onAfterRecordChanged (Lcom/orientechnologies/orient/core/db/record/OMultiValueChangeEvent;)V' witness='com/orientechnologies/orient/core/db/record/OMultiValueChangeListener' stamp='52.900'/>
<dependency_failed type='unique_concrete_method' ctxk='com/orientechnologies/orient/core/db/record/OMultiValueChangeListener' x='com/orientechnologies/orient/core/record/impl/OSimpleMultiValueChangeListener onAfterRecordChanged (Lcom/orientechnologies/orient/core/db/record/OMultiValueChangeEvent;)V' witness='com/orientechnologies/orient/core/db/record/OMultiValueChangeListener' stamp='52.900'/>
<dependency_failed type='leaf_type' ctxk='com/orientechnologies/orient/core/db/record/OMultiValueChangeEvent' witness='com/orientechnologies/orient/core/record/impl/ONestedMultiValueChangeEvent' stamp='52.904'/>
<dependency_failed type='leaf_type' ctxk='javax/xml/bind/JAXBElement' witness='org/ehcache/xml/model/Offheap' stamp='57.777'/>
<dependency_failed type='leaf_type' ctxk='javax/xml/bind/JAXBElement' witness='org/ehcache/xml/model/Offheap' stamp='57.777'/>
<dependency_failed type='unique_concrete_method' ctxk='java/io/Reader' x='java/io/Reader read ([C)I' witness='com/fasterxml/jackson/dataformat/yaml/UTF8Reader' stamp='63.652'/>
<dependency_failed type='unique_concrete_method' ctxk='java/io/Reader' x='java/io/Reader read ([C)I' witness='com/fasterxml/jackson/dataformat/yaml/UTF8Reader' stamp='63.652'/>
<writer thread='139992709449472'/>
<dependency_failed type='unique_concrete_method' ctxk='java/text/Format$FieldDelegate' x='java/text/DontCareFieldPosition$1 formatted (ILjava/text/Format$Field;Ljava/lang/Object;IILjava/lang/StringBuffer;)V' witness='java/text/Format$FieldDelegate' stamp='65.018'/>
<dependency_failed type='unique_concrete_method' ctxk='java/text/Format$FieldDelegate' x='java/text/DontCareFieldPosition$1 formatted (Ljava/text/Format$Field;Ljava/lang/Object;IILjava/lang/StringBuffer;)V' witness='java/text/Format$FieldDelegate' stamp='65.018'/>
<dependency_failed type='unique_concrete_method' ctxk='java/text/Format$FieldDelegate' x='java/text/DontCareFieldPosition$1 formatted (ILjava/text/Format$Field;Ljava/lang/Object;IILjava/lang/StringBuffer;)V' witness='java/text/Format$FieldDelegate' stamp='65.018'/>
<writer thread='139993331382016'/>
<dependency_failed type='leaf_type' ctxk='java/util/AbstractMap$SimpleImmutableEntry' witness='com/google/common/cache/RemovalNotification' stamp='65.168'/>
<dependency_failed type='unique_concrete_method' ctxk='org/elasticsearch/common/inject/AbstractProcessor' x='org/elasticsearch/common/inject/AbstractProcessor visit (Lorg/elasticsearch/common/inject/spi/ProviderLookup;)Ljava/lang/Boolean;' witness='org/elasticsearch/common/inject/LookupProcessor' stamp='65.503'/>
<dependency_failed type='unique_concrete_method' ctxk='org/elasticsearch/common/inject/spi/ElementVisitor' x='org/elasticsearch/common/inject/AbstractProcessor visit (Lorg/elasticsearch/common/inject/spi/ProviderLookup;)Ljava/lang/Object;' witness='org/elasticsearch/common/inject/LookupProcessor' stamp='65.503'/>
<dependency_failed type='unique_concrete_method' ctxk='com/google/common/cache/Weigher' x='com/google/common/cache/CacheBuilder$OneWeigher weigh (Ljava/lang/Object;Ljava/lang/Object;)I' witness='com/google/common/cache/Weigher' stamp='66.004'/>
<dependency_failed type='unique_concrete_method' ctxk='org/elasticsearch/common/bytes/BytesReference' x='org/elasticsearch/common/bytes/BytesArray length ()I' witness='org/elasticsearch/common/bytes/BytesReference' stamp='68.137'/>
<dependency_failed type='unique_concrete_method' ctxk='org/elasticsearch/common/bytes/BytesReference' x='org/elasticsearch/common/bytes/BytesArray length ()I' witness='org/elasticsearch/common/bytes/BytesReference' stamp='68.137'/>
<dependency_failed type='unique_concrete_method' ctxk='org/elasticsearch/common/bytes/BytesReference' x='org/elasticsearch/common/bytes/BytesArray hasArray ()Z' witness='org/elasticsearch/common/bytes/BytesReference' stamp='68.137'/>
<writer thread='139992685303552'/>
<dependency_failed type='leaf_type' ctxk='java/io/FileNotFoundException' witness='org/apache/lucene/index/IndexNotFoundException' stamp='68.700'/>
<writer thread='139993331382016'/>
<dependency_failed type='leaf_type' ctxk='java/io/File' witness='de/schlichtherle/truezip/file/TFile' stamp='69.788'/>
<dependency_failed type='leaf_type' ctxk='java/io/File' witness='de/schlichtherle/truezip/file/TFile' stamp='69.788'/>
<dependency_failed type='unique_concrete_method' ctxk='java/io/File' x='java/io/File getParentFile ()Ljava/io/File;' witness='de/schlichtherle/truezip/file/TFile' stamp='69.788'/>
<dependency_failed type='leaf_type' ctxk='java/io/File' witness='de/schlichtherle/truezip/file/TFile' stamp='69.788'/>
<dependency_failed type='leaf_type' ctxk='java/io/File' witness='de/schlichtherle/truezip/file/TFile' stamp='69.789'/>
<dependency_failed type='leaf_type' ctxk='java/io/File' witness='de/schlichtherle/truezip/file/TFile' stamp='69.789'/>
<dependency_failed type='unique_concrete_method' ctxk='java/io/File' x='java/io/File getAbsoluteFile ()Ljava/io/File;' witness='de/schlichtherle/truezip/file/TFile' stamp='69.789'/>
<dependency_failed type='leaf_type' ctxk='java/io/File' witness='de/schlichtherle/truezip/file/TFile' stamp='69.789'/>
<dependency_failed type='leaf_type' ctxk='java/io/File' witness='de/schlichtherle/truezip/file/TFile' stamp='69.789'/>
<dependency_failed type='leaf_type' ctxk='java/io/File' witness='de/schlichtherle/truezip/file/TFile' stamp='69.789'/>
<dependency_failed type='leaf_type' ctxk='java/io/File' witness='de/schlichtherle/truezip/file/TFile' stamp='69.789'/>
<dependency_failed type='unique_concrete_method' ctxk='java/io/File' x='java/io/File getPath ()Ljava/lang/String;' witness='de/schlichtherle/truezip/file/TFile' stamp='69.789'/>
<dependency_failed type='leaf_type' ctxk='java/io/File' witness='de/schlichtherle/truezip/file/TFile' stamp='69.790'/>
<dependency_failed type='leaf_type' ctxk='java/io/File' witness='de/schlichtherle/truezip/file/TFile' stamp='69.790'/>
<dependency_failed type='leaf_type' ctxk='java/io/File' witness='de/schlichtherle/truezip/file/TFile' stamp='69.790'/>
<dependency_failed type='unique_concrete_method' ctxk='java/io/File' x='java/io/File getPath ()Ljava/lang/String;' witness='de/schlichtherle/truezip/file/TFile' stamp='69.790'/>
<dependency_failed type='unique_concrete_method' ctxk='java/io/File' x='java/io/File getPath ()Ljava/lang/String;' witness='de/schlichtherle/truezip/file/TFile' stamp='69.790'/>
<dependency_failed type='unique_concrete_method' ctxk='java/io/File' x='java/io/File getPath ()Ljava/lang/String;' witness='de/schlichtherle/truezip/file/TFile' stamp='69.790'/>
<dependency_failed type='leaf_type' ctxk='java/io/File' witness='de/schlichtherle/truezip/file/TFile' stamp='69.790'/>
<dependency_failed type='unique_concrete_method' ctxk='java/io/File' x='java/io/File hashCode ()I' witness='de/schlichtherle/truezip/file/TFile' stamp='69.790'/>
<dependency_failed type='unique_concrete_method' ctxk='java/io/File' x='java/io/File getPath ()Ljava/lang/String;' witness='de/schlichtherle/truezip/file/TFile' stamp='69.790'/>
<dependency_failed type='unique_concrete_method' ctxk='java/io/File' x='java/io/File getPath ()Ljava/lang/String;' witness='de/schlichtherle/truezip/file/TFile' stamp='69.790'/>
<dependency_failed type='unique_concrete_method' ctxk='java/io/File' x='java/io/File getPath ()Ljava/lang/String;' witness='de/schlichtherle/truezip/file/TFile' stamp='69.790'/>
<dependency_failed type='leaf_type' ctxk='java/io/File' witness='de/schlichtherle/truezip/file/TFile' stamp='69.790'/>
<dependency_failed type='leaf_type' ctxk='java/io/File' witness='de/schlichtherle/truezip/file/TFile' stamp='69.790'/>
<dependency_failed type='unique_concrete_method' ctxk='java/io/File' x='java/io/File mkdir ()Z' witness='de/schlichtherle/truezip/file/TFile' stamp='69.790'/>
<dependency_failed type='unique_concrete_method' ctxk='java/io/File' x='java/io/File getPath ()Ljava/lang/String;' witness='de/schlichtherle/truezip/file/TFile' stamp='69.790'/>
<dependency_failed type='unique_concrete_method' ctxk='java/io/File' x='java/io/File exists ()Z' witness='de/schlichtherle/truezip/file/TFile' stamp='69.790'/>
<dependency_failed type='unique_concrete_method' ctxk='java/io/File' x='java/io/File getAbsolutePath ()Ljava/lang/String;' witness='de/schlichtherle/truezip/file/TFile' stamp='69.790'/>
<dependency_failed type='leaf_type' ctxk='java/io/File' witness='de/schlichtherle/truezip/file/TFile' stamp='69.790'/>
<dependency_failed type='leaf_type' ctxk='java/io/File' witness='de/schlichtherle/truezip/file/TFile' stamp='69.790'/>
<dependency_failed type='leaf_type' ctxk='java/io/File' witness='de/schlichtherle/truezip/file/TFile' stamp='69.790'/>
<dependency_failed type='leaf_type' ctxk='java/io/File' witness='de/schlichtherle/truezip/file/TFile' stamp='69.790'/>
<dependency_failed type='leaf_type' ctxk='java/io/File' witness='de/schlichtherle/truezip/file/TFile' stamp='69.790'/>
<dependency_failed type='leaf_type' ctxk='java/io/File' witness='de/schlichtherle/truezip/file/TFile' stamp='69.790'/>
<dependency_failed type='leaf_type' ctxk='java/io/File' witness='de/schlichtherle/truezip/file/TFile' stamp='69.790'/>
<dependency_failed type='unique_concrete_method' ctxk='com/google/common/collect/Maps$ViewCachingAbstractMap' x='com/google/common/collect/Maps$ViewCachingAbstractMap createValues ()Ljava/util/Collection;' witness='com/google/common/collect/Maps$AbstractFilteredMap' stamp='69.909'/>
<writer thread='139993096881920'/>
<dependency_failed type='unique_concrete_method' ctxk='java/io/ByteArrayOutputStream' x='java/io/ByteArrayOutputStream reset ()V' witness='sun/security/ssl/OutputRecord' stamp='71.711'/>
<writer thread='139993089521408'/>
<dependency_failed type='unique_concrete_method' ctxk='ch/qos/logback/core/spi/DeferredProcessingAware' x='ch/qos/logback/classic/spi/LoggingEvent prepareForDeferredProcessing ()V' witness='ch/qos/logback/core/spi/DeferredProcessingAware' stamp='173.075'/>
<writer thread='139992663246592'/>
<dependency_failed type='unique_concrete_method' ctxk='org/codehaus/groovy/runtime/callsite/CallSite' x='org/codehaus/groovy/runtime/callsite/AbstractCallSite callGroovyObjectGetProperty (Ljava/lang/Object;)Ljava/lang/Object;' witness='org/codehaus/groovy/runtime/callsite/GetEffectivePogoFieldSite' stamp='173.969'/>
<writer thread='139993333880576'/>
<dependency_failed type='unique_concrete_method' ctxk='java/util/concurrent/FutureTask' x='java/util/concurrent/FutureTask done ()V' witness='com/softwarementors/extjs/djn/ParallelTask$BoundedFuture' stamp='180.442'/>
<dependency_failed type='unique_concrete_method' ctxk='java/util/concurrent/FutureTask' x='java/util/concurrent/FutureTask done ()V' witness='com/softwarementors/extjs/djn/ParallelTask$BoundedFuture' stamp='180.444'/>
<writer thread='139992656938752'/>
<dependency_failed type='leaf_type' ctxk='org/eclipse/jetty/http/QuotedCSV' witness='org/eclipse/jetty/http/QuotedQualityCSV' stamp='180.731'/>
<dependency_failed type='leaf_type' ctxk='java/io/FileInputStream' witness='java/net/SocketInputStream' stamp='181.170'/>
<dependency_failed type='leaf_type' ctxk='java/io/FileInputStream' witness='java/net/SocketInputStream' stamp='181.170'/>
<dependency_failed type='leaf_type' ctxk='java/io/FileInputStream' witness='java/net/SocketInputStream' stamp='181.170'/>
<dependency_failed type='leaf_type' ctxk='java/io/FileInputStream' witness='java/net/SocketInputStream' stamp='181.170'/>
<dependency_failed type='leaf_type' ctxk='java/io/FileInputStream' witness='java/net/SocketInputStream' stamp='181.170'/>
<dependency_failed type='leaf_type' ctxk='java/io/FileInputStream' witness='java/net/SocketInputStream' stamp='181.170'/>
<dependency_failed type='leaf_type' ctxk='java/io/FileInputStream' witness='java/net/SocketInputStream' stamp='181.170'/>
<dependency_failed type='leaf_type' ctxk='java/io/FileOutputStream' witness='java/net/SocketOutputStream' stamp='181.172'/>
<dependency_failed type='leaf_type' ctxk='java/io/FileOutputStream' witness='java/net/SocketOutputStream' stamp='181.172'/>
<dependency_failed type='leaf_type' ctxk='java/io/FileOutputStream' witness='java/net/SocketOutputStream' stamp='181.172'/>
<dependency_failed type='leaf_type' ctxk='java/io/FileOutputStream' witness='java/net/SocketOutputStream' stamp='181.172'/>
<dependency_failed type='leaf_type' ctxk='java/io/FileOutputStream' witness='java/net/SocketOutputStream' stamp='181.172'/>
<dependency_failed type='abstract_with_unique_concrete_subtype' ctxk='java/security/MessageDigest' x='java/security/MessageDigest$Delegate' witness='sun/security/ssl/CloneableDigest' stamp='181.689'/>
<dependency_failed type='abstract_with_unique_concrete_subtype' ctxk='java/security/MessageDigest' x='java/security/MessageDigest$Delegate' witness='sun/security/ssl/CloneableDigest' stamp='181.689'/>
<dependency_failed type='abstract_with_unique_concrete_subtype' ctxk='java/security/MessageDigest' x='java/security/MessageDigest$Delegate' witness='sun/security/ssl/CloneableDigest' stamp='181.712'/>
<dependency_failed type='abstract_with_unique_concrete_subtype' ctxk='java/security/MessageDigest' x='java/security/MessageDigest$Delegate' witness='sun/security/ssl/CloneableDigest' stamp='181.712'/>
<dependency_failed type='abstract_with_unique_concrete_subtype' ctxk='java/security/MessageDigest' x='java/security/MessageDigest$Delegate' witness='sun/security/ssl/CloneableDigest' stamp='181.712'/>
<dependency_failed type='abstract_with_unique_concrete_subtype' ctxk='java/security/MessageDigest' x='java/security/MessageDigest$Delegate' witness='sun/security/ssl/CloneableDigest' stamp='181.712'/>
<dependency_failed type='abstract_with_unique_concrete_subtype' ctxk='java/security/MessageDigest' x='java/security/MessageDigest$Delegate' witness='sun/security/ssl/CloneableDigest' stamp='181.712'/>
<dependency_failed type='abstract_with_unique_concrete_subtype' ctxk='java/security/MessageDigest' x='java/security/MessageDigest$Delegate' witness='sun/security/ssl/CloneableDigest' stamp='181.712'/>
<dependency_failed type='abstract_with_unique_concrete_subtype' ctxk='java/security/MessageDigest' x='java/security/MessageDigest$Delegate' witness='sun/security/ssl/CloneableDigest' stamp='181.712'/>
<dependency_failed type='abstract_with_unique_concrete_subtype' ctxk='java/security/MessageDigest' x='java/security/MessageDigest$Delegate' witness='sun/security/ssl/CloneableDigest' stamp='181.712'/>
<dependency_failed type='abstract_with_unique_concrete_subtype' ctxk='java/security/MessageDigest' x='java/security/MessageDigest$Delegate' witness='sun/security/ssl/CloneableDigest' stamp='181.712'/>
<dependency_failed type='leaf_type' ctxk='java/util/zip/CRC32' witness='sun/util/calendar/ZoneInfoFile$Checksum' stamp='182.591'/>
<dependency_failed type='leaf_type' ctxk='java/util/zip/CRC32' witness='sun/util/calendar/ZoneInfoFile$Checksum' stamp='182.591'/>
<dependency_failed type='leaf_type' ctxk='java/util/zip/CRC32' witness='sun/util/calendar/ZoneInfoFile$Checksum' stamp='182.591'/>
<dependency_failed type='leaf_type' ctxk='java/util/zip/CRC32' witness='sun/util/calendar/ZoneInfoFile$Checksum' stamp='182.591'/>
<dependency_failed type='leaf_type' ctxk='java/util/zip/CRC32' witness='sun/util/calendar/ZoneInfoFile$Checksum' stamp='182.591'/>
<dependency_failed type='leaf_type' ctxk='java/util/zip/CRC32' witness='sun/util/calendar/ZoneInfoFile$Checksum' stamp='182.591'/>
<dependency_failed type='leaf_type' ctxk='java/util/zip/CRC32' witness='sun/util/calendar/ZoneInfoFile$Checksum' stamp='182.592'/>
<dependency_failed type='leaf_type' ctxk='java/util/zip/CRC32' witness='sun/util/calendar/ZoneInfoFile$Checksum' stamp='182.592'/>
<dependency_failed type='leaf_type' ctxk='java/util/zip/CRC32' witness='sun/util/calendar/ZoneInfoFile$Checksum' stamp='182.592'/>
<dependency_failed type='leaf_type' ctxk='java/util/zip/CRC32' witness='sun/util/calendar/ZoneInfoFile$Checksum' stamp='182.592'/>
<writer thread='139993095829248'/>
<dependency_failed type='unique_concrete_method' ctxk='groovy/lang/Closure' x='groovy/lang/GroovyObjectSupport getMetaClass ()Lgroovy/lang/MetaClass;' witness='org/codehaus/groovy/runtime/IteratorClosureAdapter' stamp='183.111'/>
<dependency_failed type='unique_concrete_method' ctxk='groovy/lang/Closure' x='groovy/lang/GroovyObjectSupport getMetaClass ()Lgroovy/lang/MetaClass;' witness='org/codehaus/groovy/runtime/IteratorClosureAdapter' stamp='183.111'/>
<dependency_failed type='unique_concrete_method' ctxk='groovy/lang/Closure' x='groovy/lang/GroovyObjectSupport getMetaClass ()Lgroovy/lang/MetaClass;' witness='org/codehaus/groovy/runtime/IteratorClosureAdapter' stamp='183.111'/>
<writer thread='139992643135232'/>
<dependency_failed type='unique_concrete_method' ctxk='java/util/stream/AbstractPipeline' x='java/util/stream/AbstractPipeline opEvaluateParallelLazy (Ljava/util/stream/PipelineHelper;Ljava/util/Spliterator;)Ljava/util/Spliterator;' witness='java/util/stream/SliceOps$1' stamp='385.036'/>
<dependency_failed type='unique_concrete_method' ctxk='java/util/stream/AbstractPipeline' x='java/util/stream/AbstractPipeline opEvaluateParallelLazy (Ljava/util/stream/PipelineHelper;Ljava/util/Spliterator;)Ljava/util/Spliterator;' witness='java/util/stream/SliceOps$1' stamp='385.036'/>
<writer thread='139993333880576'/>
<dependency_failed type='unique_concrete_method' ctxk='org/eclipse/jetty/io/EndPoint' x='org/eclipse/jetty/io/AbstractEndPoint isOutputShutdown ()Z' witness='org/eclipse/jetty/io/ssl/SslConnection$DecryptedEndPoint' stamp='1496.910'/>
<dependency_failed type='unique_concrete_method' ctxk='org/eclipse/jetty/io/EndPoint' x='org/eclipse/jetty/io/IdleTimeout getIdleTimeout ()J' witness='org/eclipse/jetty/io/ssl/SslConnection$DecryptedEndPoint' stamp='1496.911'/>
<dependency_failed type='unique_concrete_method' ctxk='org/eclipse/jetty/io/EndPoint' x='org/eclipse/jetty/io/AbstractEndPoint isInputShutdown ()Z' witness='org/eclipse/jetty/io/ssl/SslConnection$DecryptedEndPoint' stamp='1496.911'/>
<dependency_failed type='unique_concrete_method' ctxk='org/eclipse/jetty/io/EndPoint' x='org/eclipse/jetty/io/IdleTimeout getIdleTimeout ()J' witness='org/eclipse/jetty/io/ssl/SslConnection$DecryptedEndPoint' stamp='1496.911'/>
<writer thread='139992627361536'/>
<dependency_failed type='abstract_with_unique_concrete_subtype' ctxk='com/sun/crypto/provider/HmacCore' x='com/sun/crypto/provider/HmacCore$HmacSHA256' witness='com/sun/crypto/provider/HmacSHA1' stamp='1497.052'/>
<dependency_failed type='abstract_with_unique_concrete_subtype' ctxk='javax/crypto/MacSpi' x='com/sun/crypto/provider/HmacCore$HmacSHA256' witness='com/sun/crypto/provider/HmacSHA1' stamp='1497.052'/>
<writer thread='139992637871872'/>
<dependency_failed type='abstract_with_unique_concrete_subtype' ctxk='java/util/stream/ReduceOps$Box' x='java/util/stream/ReduceOps$3ReducingSink' witness='java/util/stream/ReduceOps$1ReducingSink' stamp='1595.124'/>
<dependency_failed type='abstract_with_unique_concrete_subtype' ctxk='java/util/stream/ReduceOps$Box' x='java/util/stream/ReduceOps$3ReducingSink' witness='java/util/stream/ReduceOps$1ReducingSink' stamp='1595.124'/>
<dependency_failed type='abstract_with_unique_concrete_subtype' ctxk='com/google/common/collect/AbstractMapEntry' x='com/google/common/collect/ImmutableEntry' witness='com/google/common/collect/Maps$12' stamp='1595.928'/>
<dependency_failed type='abstract_with_unique_concrete_subtype' ctxk='com/google/common/collect/AbstractMapEntry' x='com/google/common/collect/ImmutableEntry' witness='com/google/common/collect/Maps$12' stamp='1595.928'/>
<dependency_failed type='abstract_with_unique_concrete_subtype' ctxk='java/lang/CharacterData' x='java/lang/CharacterDataLatin1' witness='java/lang/CharacterDataUndefined' stamp='1596.035'/>
<dependency_failed type='abstract_with_unique_concrete_subtype' ctxk='java/lang/CharacterData' x='java/lang/CharacterDataLatin1' witness='java/lang/CharacterDataUndefined' stamp='1596.035'/>
<dependency_failed type='abstract_with_unique_concrete_subtype' ctxk='java/lang/CharacterData' x='java/lang/CharacterDataLatin1' witness='java/lang/CharacterDataUndefined' stamp='1596.035'/>
<dependency_failed type='abstract_with_unique_concrete_subtype' ctxk='java/lang/CharacterData' x='java/lang/CharacterDataLatin1' witness='java/lang/CharacterDataUndefined' stamp='1596.035'/>
<dependency_failed type='abstract_with_unique_concrete_subtype' ctxk='java/lang/CharacterData' x='java/lang/CharacterDataLatin1' witness='java/lang/CharacterDataUndefined' stamp='1596.035'/>
<dependency_failed type='abstract_with_unique_concrete_subtype' ctxk='java/lang/CharacterData' x='java/lang/CharacterDataLatin1' witness='java/lang/CharacterDataUndefined' stamp='1596.035'/>
<dependency_failed type='abstract_with_unique_concrete_subtype' ctxk='java/lang/CharacterData' x='java/lang/CharacterDataLatin1' witness='java/lang/CharacterDataUndefined' stamp='1596.035'/>
<dependency_failed type='abstract_with_unique_concrete_subtype' ctxk='java/lang/CharacterData' x='java/lang/CharacterDataLatin1' witness='java/lang/CharacterDataUndefined' stamp='1596.036'/>
<dependency_failed type='abstract_with_unique_concrete_subtype' ctxk='java/lang/CharacterData' x='java/lang/CharacterDataLatin1' witness='java/lang/CharacterDataUndefined' stamp='1596.036'/>
<dependency_failed type='abstract_with_unique_concrete_subtype' ctxk='java/lang/CharacterData' x='java/lang/CharacterDataLatin1' witness='java/lang/CharacterDataUndefined' stamp='1596.036'/>
<dependency_failed type='abstract_with_unique_concrete_subtype' ctxk='java/lang/CharacterData' x='java/lang/CharacterDataLatin1' witness='java/lang/CharacterDataUndefined' stamp='1596.036'/>
<dependency_failed type='abstract_with_unique_concrete_subtype' ctxk='java/lang/CharacterData' x='java/lang/CharacterDataLatin1' witness='java/lang/CharacterDataUndefined' stamp='1596.036'/>
<dependency_failed type='abstract_with_unique_concrete_subtype' ctxk='java/lang/CharacterData' x='java/lang/CharacterDataLatin1' witness='java/lang/CharacterDataUndefined' stamp='1596.036'/>
<dependency_failed type='abstract_with_unique_concrete_subtype' ctxk='java/lang/CharacterData' x='java/lang/CharacterDataLatin1' witness='java/lang/CharacterDataUndefined' stamp='1596.036'/>
<dependency_failed type='abstract_with_unique_concrete_subtype' ctxk='java/lang/CharacterData' x='java/lang/CharacterDataLatin1' witness='java/lang/CharacterDataUndefined' stamp='1596.036'/>
<dependency_failed type='abstract_with_unique_concrete_subtype' ctxk='java/lang/CharacterData' x='java/lang/CharacterDataLatin1' witness='java/lang/CharacterDataUndefined' stamp='1596.036'/>
<dependency_failed type='abstract_with_unique_concrete_subtype' ctxk='java/lang/CharacterData' x='java/lang/CharacterDataLatin1' witness='java/lang/CharacterDataUndefined' stamp='1596.036'/>
<dependency_failed type='abstract_with_unique_concrete_subtype' ctxk='java/lang/CharacterData' x='java/lang/CharacterDataLatin1' witness='java/lang/CharacterDataUndefined' stamp='1596.036'/>
<dependency_failed type='abstract_with_unique_concrete_subtype' ctxk='java/lang/CharacterData' x='java/lang/CharacterDataLatin1' witness='java/lang/CharacterDataUndefined' stamp='1596.036'/>
<dependency_failed type='abstract_with_unique_concrete_subtype' ctxk='java/lang/CharacterData' x='java/lang/CharacterDataLatin1' witness='java/lang/CharacterDataUndefined' stamp='1596.036'/>
<dependency_failed type='abstract_with_unique_concrete_subtype' ctxk='java/lang/CharacterData' x='java/lang/CharacterDataLatin1' witness='java/lang/CharacterDataUndefined' stamp='1596.038'/>
<dependency_failed type='abstract_with_unique_concrete_subtype' ctxk='java/lang/CharacterData' x='java/lang/CharacterDataLatin1' witness='java/lang/CharacterDataUndefined' stamp='1596.038'/>
<dependency_failed type='abstract_with_unique_concrete_subtype' ctxk='java/lang/CharacterData' x='java/lang/CharacterDataLatin1' witness='java/lang/CharacterDataUndefined' stamp='1596.038'/>
<dependency_failed type='abstract_with_unique_concrete_subtype' ctxk='java/lang/CharacterData' x='java/lang/CharacterDataLatin1' witness='java/lang/CharacterDataUndefined' stamp='1596.038'/>
<dependency_failed type='abstract_with_unique_concrete_subtype' ctxk='java/lang/CharacterData' x='java/lang/CharacterDataLatin1' witness='java/lang/CharacterDataUndefined' stamp='1596.038'/>
<dependency_failed type='abstract_with_unique_concrete_subtype' ctxk='java/lang/CharacterData' x='java/lang/CharacterDataLatin1' witness='java/lang/CharacterDataUndefined' stamp='1596.038'/>
<dependency_failed type='abstract_with_unique_concrete_subtype' ctxk='java/lang/CharacterData' x='java/lang/CharacterDataLatin1' witness='java/lang/CharacterDataUndefined' stamp='1596.038'/>
<dependency_failed type='abstract_with_unique_concrete_subtype' ctxk='java/lang/CharacterData' x='java/lang/CharacterDataLatin1' witness='java/lang/CharacterDataUndefined' stamp='1596.038'/>
<dependency_failed type='abstract_with_unique_concrete_subtype' ctxk='java/lang/CharacterData' x='java/lang/CharacterDataLatin1' witness='java/lang/CharacterDataUndefined' stamp='1596.038'/>
<dependency_failed type='abstract_with_unique_concrete_subtype' ctxk='java/lang/CharacterData' x='java/lang/CharacterDataLatin1' witness='java/lang/CharacterDataUndefined' stamp='1596.038'/>
<writer thread='139992641029888'/>
<dependency_failed type='unique_concrete_method' ctxk='java/nio/DirectByteBuffer' x='java/nio/DirectByteBuffer put ([BII)Ljava/nio/ByteBuffer;' witness='java/nio/DirectByteBufferR' stamp='1598.451'/>
<dependency_failed type='leaf_type' ctxk='java/nio/DirectByteBuffer' witness='java/nio/DirectByteBufferR' stamp='1598.451'/>
<dependency_failed type='leaf_type' ctxk='java/nio/DirectByteBuffer' witness='java/nio/DirectByteBufferR' stamp='1598.451'/>
<dependency_failed type='leaf_type' ctxk='java/nio/DirectByteBuffer' witness='java/nio/DirectByteBufferR' stamp='1598.451'/>
<dependency_failed type='unique_concrete_method' ctxk='java/nio/DirectByteBuffer' x='java/nio/DirectByteBuffer put (B)Ljava/nio/ByteBuffer;' witness='java/nio/DirectByteBufferR' stamp='1598.451'/>
<dependency_failed type='leaf_type' ctxk='java/nio/DirectByteBuffer' witness='java/nio/DirectByteBufferR' stamp='1598.451'/>
<dependency_failed type='leaf_type' ctxk='java/nio/DirectByteBuffer' witness='java/nio/DirectByteBufferR' stamp='1598.451'/>
<dependency_failed type='leaf_type' ctxk='java/nio/DirectByteBuffer' witness='java/nio/DirectByteBufferR' stamp='1598.451'/>
<dependency_failed type='leaf_type' ctxk='java/nio/DirectByteBuffer' witness='java/nio/DirectByteBufferR' stamp='1598.451'/>
<dependency_failed type='leaf_type' ctxk='java/nio/DirectByteBuffer' witness='java/nio/DirectByteBufferR' stamp='1598.451'/>
<writer thread='139992614737664'/>
<dependency_failed type='leaf_type' ctxk='com/carrotsearch/hppc/ObjectObjectHashMap' witness='org/elasticsearch/common/collect/HppcMaps$1' stamp='1644.409'/>
<dependency_failed type='leaf_type' ctxk='com/carrotsearch/hppc/ObjectObjectHashMap' witness='org/elasticsearch/common/collect/HppcMaps$1' stamp='1644.409'/>
<dependency_failed type='leaf_type' ctxk='com/carrotsearch/hppc/ObjectObjectHashMap' witness='org/elasticsearch/common/collect/HppcMaps$1' stamp='1644.409'/>
<dependency_failed type='leaf_type' ctxk='com/carrotsearch/hppc/ObjectObjectHashMap' witness='org/elasticsearch/common/collect/HppcMaps$1' stamp='1644.409'/>
<dependency_failed type='leaf_type' ctxk='com/carrotsearch/hppc/ObjectObjectHashMap' witness='org/elasticsearch/common/collect/HppcMaps$1' stamp='1644.409'/>
<dependency_failed type='leaf_type' ctxk='com/carrotsearch/hppc/ObjectObjectHashMap' witness='org/elasticsearch/common/collect/HppcMaps$1' stamp='1644.409'/>
<dependency_failed type='leaf_type' ctxk='com/carrotsearch/hppc/ObjectObjectHashMap' witness='org/elasticsearch/common/collect/HppcMaps$1' stamp='1644.409'/>
<dependency_failed type='leaf_type' ctxk='com/carrotsearch/hppc/ObjectObjectHashMap' witness='org/elasticsearch/common/collect/HppcMaps$1' stamp='1644.409'/>
<dependency_failed type='leaf_type' ctxk='com/carrotsearch/hppc/ObjectObjectHashMap' witness='org/elasticsearch/common/collect/HppcMaps$1' stamp='1644.409'/>
<dependency_failed type='leaf_type' ctxk='com/carrotsearch/hppc/ObjectObjectHashMap' witness='org/elasticsearch/common/collect/HppcMaps$1' stamp='1644.409'/>
<dependency_failed type='leaf_type' ctxk='com/carrotsearch/hppc/ObjectObjectHashMap' witness='org/elasticsearch/common/collect/HppcMaps$1' stamp='1644.409'/>
<dependency_failed type='leaf_type' ctxk='com/carrotsearch/hppc/ObjectObjectHashMap' witness='org/elasticsearch/common/collect/HppcMaps$1' stamp='1644.409'/>
<dependency_failed type='leaf_type' ctxk='com/carrotsearch/hppc/ObjectObjectHashMap' witness='org/elasticsearch/common/collect/HppcMaps$1' stamp='1644.409'/>
<dependency_failed type='leaf_type' ctxk='com/carrotsearch/hppc/ObjectObjectHashMap' witness='org/elasticsearch/common/collect/HppcMaps$1' stamp='1644.409'/>
<dependency_failed type='leaf_type' ctxk='com/carrotsearch/hppc/ObjectObjectHashMap' witness='org/elasticsearch/common/collect/HppcMaps$1' stamp='1644.409'/>
<dependency_failed type='leaf_type' ctxk='com/carrotsearch/hppc/ObjectObject